2018-09-24 09:49:32 +0000  Initial pipeline context: <IDEDistributionProcessingPipelineContext: 0x7fc29b72b110; archive(resolved)='<IDEArchive: 0x7fc298684050>', distributionTask(resolved)='2', distributionMethod(resolved)='<IDEDistributionMethodiOSEnterprise: 0x7fc29b6cd0d0>', team(resolved)='<IDEProvisioningBasicTeam: 0x7fc29b923500; teamID='45R8NJJ53T', teamName='CADEM CAD CAM DESTEK MERKEZI VE BILGISAYAR SANAYI TICARET ANONIM SIRKETI'>'>
	Chain (11, self inclusive):
	<IDEDistributionProcessingPipelineContext: 0x7fc29b72b110; archive = '<IDEArchive: 0x7fc298684050>', distributionMethod='<IDEDistributionMethodiOSEnterprise: 0x7fc29b6cd0d0>', team='<IDEProvisioningBasicTeam: 0x7fc29b923500; teamID='45R8NJJ53T', teamName='CADEM CAD CAM DESTEK MERKEZI VE BILGISAYAR SANAYI TICARET ANONIM SIRKETI'>'>
	<IDEDistributionProcessingPipelineContext: 0x7fc29b6c8a80; archive = '<IDEArchive: 0x7fc298684050>', distributionMethod='<IDEDistributionMethodiOSEnterprise: 0x7fc29b6cd0d0>', team='<IDEProvisioningBasicTeam: 0x7fc29b923500; teamID='45R8NJJ53T', teamName='CADEM CAD CAM DESTEK MERKEZI VE BILGISAYAR SANAYI TICARET ANONIM SIRKETI'>'>
	<IDEDistributionContext: 0x7fc296950e90; archive = '<IDEArchive: 0x7fc298684050>', distributionMethod='<IDEDistributionMethodiOSEnterprise: 0x7fc29b6cd0d0>', team='<IDEProvisioningBasicTeam: 0x7fc29b923500; teamID='45R8NJJ53T', teamName='CADEM CAD CAM DESTEK MERKEZI VE BILGISAYAR SANAYI TICARET ANONIM SIRKETI'>'>
	<IDEDistributionContext: 0x7fc29bc7cac0; archive = '<IDEArchive: 0x7fc298684050>', distributionMethod='<IDEDistributionMethodiOSEnterprise: 0x7fc29b6cd0d0>', team='<IDEProvisioningBasicTeam: 0x7fc29b923500; teamID='45R8NJJ53T', teamName='CADEM CAD CAM DESTEK MERKEZI VE BILGISAYAR SANAYI TICARET ANONIM SIRKETI'>'>
	<IDEDistributionContext: 0x7fc2982a4d70; archive = '<IDEArchive: 0x7fc298684050>', distributionMethod='<IDEDistributionMethodiOSEnterprise: 0x7fc29b6cd0d0>', team='<IDEProvisioningBasicTeam: 0x7fc29b923500; teamID='45R8NJJ53T', teamName='CADEM CAD CAM DESTEK MERKEZI VE BILGISAYAR SANAYI TICARET ANONIM SIRKETI'>'>
	<IDEDistributionContext: 0x7fc298480bd0; archive = '<IDEArchive: 0x7fc298684050>', distributionMethod='<IDEDistributionMethodiOSEnterprise: 0x7fc29b6cd0d0>', team='<IDEProvisioningBasicTeam: 0x7fc29b923500; teamID='45R8NJJ53T', teamName='CADEM CAD CAM DESTEK MERKEZI VE BILGISAYAR SANAYI TICARET ANONIM SIRKETI'>'>
	<IDEDistributionContext: 0x7fc29b75a310; archive = '<IDEArchive: 0x7fc298684050>', distributionMethod='<IDEDistributionMethodiOSEnterprise: 0x7fc29b6cd0d0>', team='<IDEProvisioningBasicTeam: 0x7fc29b923500; teamID='45R8NJJ53T', teamName='CADEM CAD CAM DESTEK MERKEZI VE BILGISAYAR SANAYI TICARET ANONIM SIRKETI'>'>
	<IDEDistributionContext: 0x7fc29b756af0; archive = '<IDEArchive: 0x7fc298684050>', distributionMethod='<IDEDistributionMethodiOSEnterprise: 0x7fc29b6cd0d0>', team='<IDEProvisioningBasicTeam: 0x7fc29b923500; teamID='45R8NJJ53T', teamName='CADEM CAD CAM DESTEK MERKEZI VE BILGISAYAR SANAYI TICARET ANONIM SIRKETI'>'>
	<IDEDistributionContext: 0x7fc2982496d0; archive = '<IDEArchive: 0x7fc298684050>', distributionMethod='<IDEDistributionMethodiOSEnterprise: 0x7fc29b6cd0d0>', team='<IDEProvisioningBasicTeam: 0x7fc29b923500; teamID='45R8NJJ53T', teamName='CADEM CAD CAM DESTEK MERKEZI VE BILGISAYAR SANAYI TICARET ANONIM SIRKETI'>'>
	<IDEDistributionContext: 0x7fc29bc2e520; archive = '<IDEArchive: 0x7fc298684050>', distributionMethod='<IDEDistributionMethodiOSEnterprise: 0x7fc29b6cd0d0>', team='(null)'>
	<IDEDistributionContext: 0x7fc29b86c040; archive = '<IDEArchive: 0x7fc298684050>', distributionMethod='(null)', team='(null)'>
</IDEDistributionProcessingPipelineContext: 0x7fc29b72b110>
2018-09-24 09:49:32 +0000  Processing step: IDEDistributionCreateDestRootStep
2018-09-24 09:49:32 +0000  Processing step: IDEDistributionCopyItemStep
2018-09-24 09:49:32 +0000  Running /usr/bin/ditto '-V' '/Users/hip/Library/Developer/Xcode/Archives/2018-09-24/Unity-iPhone 24.09.2018 12.46.xcarchive/Products/Applications/cdmtragger.app' '/var/folders/_3/zvxfv6dj169_16x9g0n_zfwc0000gn/T/XcodeDistPipeline.QOR/Root/Payload/cdmtragger.app'
2018-09-24 09:49:32 +0000  >>> Copying /Users/hip/Library/Developer/Xcode/Archives/2018-09-24/Unity-iPhone 24.09.2018 12.46.xcarchive/Products/Applications/cdmtragger.app 
2018-09-24 09:49:32 +0000  copying file ./_CodeSignature/CodeResources ... 
2018-09-24 09:49:32 +0000  12919 bytes for ./_CodeSignature/CodeResources
2018-09-24 09:49:32 +0000  copying file ./cdmtragger ... 
2018-09-24 09:49:32 +0000  19360880 bytes for ./cdmtragger
copying file ./LaunchImage-1100-Portrait-2436h@3x.png ... 
2018-09-24 09:49:32 +0000  14552 bytes for ./LaunchImage-1100-Portrait-2436h@3x.png
copying file ./LaunchImage@2x.png ... 
3935 bytes for ./LaunchImage@2x.png
copying file ./LaunchScreen-iPhonePortrait.png ... 
120 bytes for ./LaunchScreen-iPhonePortrait.png
copying file ./LaunchScreen-iPhoneLandscape.png ... 
120 bytes for ./LaunchScreen-iPhoneLandscape.png
copying file ./LaunchScreen-iPad.nib ... 
1443 bytes for ./LaunchScreen-iPad.nib
copying file ./LaunchImage-568h@2x.png ... 
4617 bytes for ./LaunchImage-568h@2x.png
copying file ./LaunchScreen-iPhone.nib ... 
1453 bytes for ./LaunchScreen-iPhone.nib
copying file ./AppIcon60x60@2x.png ... 
21832 bytes for ./AppIcon60x60@2x.png
copying file ./LaunchImage-1100-Landscape-2436h@3x.png ... 
12707 bytes for ./LaunchImage-1100-Landscape-2436h@3x.png
copying file ./LaunchImage-800-667h@2x.png ... 
5951 bytes for ./LaunchImage-800-667h@2x.png
copying file ./LaunchImage-Portrait@2x~ipad.png ... 
15517 bytes for ./LaunchImage-Portrait@2x~ipad.png
copying file ./LaunchImage-Portrait~ipad.png ... 
4691 bytes for ./LaunchImage-Portrait~ipad.png
copying file ./LaunchScreen-iPad.png ... 
120 bytes for ./LaunchScreen-iPad.png
copying file ./LaunchImage-Landscape~ipad.png ... 
2018-09-24 09:49:32 +0000  4433 bytes for ./LaunchImage-Landscape~ipad.png
copying file ./LaunchImage-700-Portrait~ipad.png ... 
2018-09-24 09:49:32 +0000  4691 bytes for ./LaunchImage-700-Portrait~ipad.png
copying file ./Assets.car ... 
2018-09-24 09:49:32 +0000  1154440 bytes for ./Assets.car
2018-09-24 09:49:32 +0000  copying file ./AppIcon76x76@2x~ipad.png ... 
32362 bytes for ./AppIcon76x76@2x~ipad.png
copying file ./LaunchImage-800-Portrait-736h@3x.png ... 
14197 bytes for ./LaunchImage-800-Portrait-736h@3x.png
copying file ./LaunchImage-700@2x.png ... 
3935 bytes for ./LaunchImage-700@2x.png
copying file ./LaunchImage-700-568h@2x.png ... 
4617 bytes for ./LaunchImage-700-568h@2x.png
copying file ./LaunchImage-Landscape@2x~ipad.png ... 
14945 bytes for ./LaunchImage-Landscape@2x~ipad.png
2018-09-24 09:49:32 +0000  copying file ./LaunchImage-700-Landscape@2x~ipad.png ... 
2018-09-24 09:49:32 +0000  14945 bytes for ./LaunchImage-700-Landscape@2x~ipad.png
copying file ./LaunchImage.png ... 
2018-09-24 09:49:32 +0000  1427 bytes for ./LaunchImage.png
copying file ./embedded.mobileprovision ... 
2018-09-24 09:49:32 +0000  7784 bytes for ./embedded.mobileprovision
2018-09-24 09:49:32 +0000  copying file ./Data/Managed/Resources/mscorlib.dll-resources.dat ... 
2018-09-24 09:49:32 +0000  337563 bytes for ./Data/Managed/Resources/mscorlib.dll-resources.dat
2018-09-24 09:49:32 +0000  copying file ./Data/Managed/mono/2.0/machine.config ... 
2018-09-24 09:49:32 +0000  27625 bytes for ./Data/Managed/mono/2.0/machine.config
2018-09-24 09:49:32 +0000  copying file ./Data/Managed/mono/4.0/machine.config ... 
2018-09-24 09:49:32 +0000  33648 bytes for ./Data/Managed/mono/4.0/machine.config
2018-09-24 09:49:32 +0000  copying file ./Data/Managed/SymbolMap-64 ... 
2018-09-24 09:49:32 +0000  645832 bytes for ./Data/Managed/SymbolMap-64
2018-09-24 09:49:32 +0000  copying file ./Data/Managed/Metadata/global-metadata.dat ... 
2018-09-24 09:49:32 +0000  2557336 bytes for ./Data/Managed/Metadata/global-metadata.dat
2018-09-24 09:49:32 +0000  copying file ./Data/globalgamemanagers ... 
40540 bytes for ./Data/globalgamemanagers
copying file ./Data/boot.config ... 
27 bytes for ./Data/boot.config
copying file ./Data/UnityEngine.xml ... 
70 bytes for ./Data/UnityEngine.xml
copying file ./Data/resources.assets ... 
20680 bytes for ./Data/resources.assets
copying file ./Data/Resources/unity_builtin_extra ... 
586968 bytes for ./Data/Resources/unity_builtin_extra
copying file ./Data/unity default resources ... 
2018-09-24 09:49:32 +0000  6170724 bytes for ./Data/unity default resources
2018-09-24 09:49:32 +0000  copying file ./Data/sharedassets0.assets.resS ... 
2018-09-24 09:49:32 +0000  89707772 bytes for ./Data/sharedassets0.assets.resS
2018-09-24 09:49:32 +0000  copying file ./Data/sharedassets0.assets ... 
2018-09-24 09:49:32 +0000  35392716 bytes for ./Data/sharedassets0.assets
copying file ./Data/globalgamemanagers.assets.resS ... 
2018-09-24 09:49:32 +0000  2018-09-24 09:49:32 +0000  /usr/bin/ditto exited with 0

2018-09-24 09:49:32 +0000  524288 bytes for ./Data/globalgamemanagers.assets.resS
copying file ./Data/level0.resS ... 
393212 bytes for ./Data/level0.resS
copying file ./Data/level0 ... 
18276 bytes for ./Data/level0
copying file ./Data/globalgamemanagers.assets ... 
73148 bytes for ./Data/globalgamemanagers.assets
copying file ./LaunchImage-800-Landscape-736h@3x.png ... 
12887 bytes for ./LaunchImage-800-Landscape-736h@3x.png
copying file ./LaunchImage-700-Portrait@2x~ipad.png ... 
15517 bytes for ./LaunchImage-700-Portrait@2x~ipad.png
copying file ./LaunchImage-700-Landscape~ipad.png ... 
4433 bytes for ./LaunchImage-700-Landscape~ipad.png
copying file ./Info.plist ... 
2753 bytes for ./Info.plist
copying file ./PkgInfo ... 
8 bytes for ./PkgInfo
2018-09-24 09:49:32 +0000  Processing step: IDEDistributionEmbedProfileStep
2018-09-24 09:49:32 +0000  Processing step: IDEDistributionAppThinningPlistStep
2018-09-24 09:49:32 +0000  Skipping step: IDEDistributionAppThinningPlistStep because it said so
2018-09-24 09:49:32 +0000  Processing step: IDEDistributionCompileBitcodeStep
2018-09-24 09:49:32 +0000  Skipping step: IDEDistributionCompileBitcodeStep because it said so
2018-09-24 09:49:32 +0000  Processing step: IDEDistributionCodeSlimmingStep
2018-09-24 09:49:32 +0000  Processing step: IDEDistributionCopyBCSymbolMapsStep
2018-09-24 09:49:32 +0000  Skipping step: IDEDistributionCopyBCSymbolMapsStep because it said so
2018-09-24 09:49:32 +0000  Processing step: IDEDistributionSymbolsStep
2018-09-24 09:49:32 +0000  Skipping step: IDEDistributionSymbolsStep because it said so
2018-09-24 09:49:32 +0000  Processing step: IDEDistributionAppThinningStep
2018-09-24 09:49:32 +0000  Skipping step: IDEDistributionAppThinningStep because it said so
2018-09-24 09:49:32 +0000  Processing step: IDEDistributionODRStep
2018-09-24 09:49:32 +0000  Processing step: IDEDistributionStripXattrsStep
2018-09-24 09:49:32 +0000  Running /usr/bin/xattr '-crs' '/var/folders/_3/zvxfv6dj169_16x9g0n_zfwc0000gn/T/XcodeDistPipeline.QOR/Root/Payload/cdmtragger.app'
2018-09-24 09:49:32 +0000  2018-09-24 09:49:32 +0000  

2018-09-24 09:49:32 +0000  /usr/bin/xattr exited with 0
2018-09-24 09:49:32 +0000  
2018-09-24 09:49:32 +0000  2018-09-24 09:49:32 +0000  Processing step: IDEDistributionCodesignStep

2018-09-24 09:49:32 +0000  Entitlements for <IDEDistributionItem: 0x7fc29b4d60d0 'com.cdmvision.localapps.cdmtragger' '<DVTFilePath:0x7fc28d4646a0:'/Users/hip/Library/Developer/Xcode/Archives/2018-09-24/Unity-iPhone 24.09.2018 12.46.xcarchive/Products/Applications/cdmtragger.app'>'>: {
    "application-identifier" = "45R8NJJ53T.com.cdmvision.localapps.cdmtragger";
    "com.apple.developer.team-identifier" = 45R8NJJ53T;
    "get-task-allow" = 0;
    "keychain-access-groups" =     (
        "45R8NJJ53T.com.cdmvision.localapps.cdmtragger"
    );
}
2018-09-24 09:49:32 +0000  Writing entitlements for <IDEDistributionItem: 0x7fc29b4d60d0 'com.cdmvision.localapps.cdmtragger' '<DVTFilePath:0x7fc28d4646a0:'/Users/hip/Library/Developer/Xcode/Archives/2018-09-24/Unity-iPhone 24.09.2018 12.46.xcarchive/Products/Applications/cdmtragger.app'>'> to: /var/folders/_3/zvxfv6dj169_16x9g0n_zfwc0000gn/T/XcodeDistPipeline.QOR/entitlementslxgedM
2018-09-24 09:49:32 +0000  Running /usr/bin/codesign '-vvv' '--force' '--sign' '315D033D9CBD39C65DAE27E208E5527C6884A48D' '--preserve-metadata=identifier,flags' '--entitlements' '/var/folders/_3/zvxfv6dj169_16x9g0n_zfwc0000gn/T/XcodeDistPipeline.QOR/entitlementslxgedM' '/var/folders/_3/zvxfv6dj169_16x9g0n_zfwc0000gn/T/XcodeDistPipeline.QOR/Root/Payload/cdmtragger.app'
2018-09-24 09:49:33 +0000  /var/folders/_3/zvxfv6dj169_16x9g0n_zfwc0000gn/T/XcodeDistPipeline.QOR/Root/Payload/cdmtragger.app: replacing existing signature
2018-09-24 09:49:36 +0000  /var/folders/_3/zvxfv6dj169_16x9g0n_zfwc0000gn/T/XcodeDistPipeline.QOR/Root/Payload/cdmtragger.app: signed app bundle with Mach-O thin (arm64) [com.cdmvision.localapps.cdmtragger]
2018-09-24 09:49:36 +0000  
2018-09-24 09:49:36 +0000  
2018-09-24 09:49:36 +0000  2018-09-24 09:49:36 +0000  

2018-09-24 09:49:36 +0000  /usr/bin/codesign exited with 0
2018-09-24 09:49:36 +0000  2018-09-24 09:49:36 +0000  

2018-09-24 09:49:36 +0000  Processing step: IDEDistributionStreamingZipItemStep
2018-09-24 09:49:36 +0000  Skipping step: IDEDistributionStreamingZipItemStep because it said so
2018-09-24 09:49:36 +0000  Processing step: IDEDistributionCreateIPAStep
2018-09-24 09:49:36 +0000  Running /usr/bin/ditto '-V' '-c' '-k' '--norsrc' '/var/folders/_3/zvxfv6dj169_16x9g0n_zfwc0000gn/T/XcodeDistPipeline.QOR/Root' '/var/folders/_3/zvxfv6dj169_16x9g0n_zfwc0000gn/T/XcodeDistPipeline.QOR/Packages/Unity-iPhone.ipa'
2018-09-24 09:49:36 +0000  >>> Copying /var/folders/_3/zvxfv6dj169_16x9g0n_zfwc0000gn/T/XcodeDistPipeline.QOR/Root 
2018-09-24 09:49:36 +0000  copying file ./Payload/cdmtragger.app/_CodeSignature/CodeResources ... 
2018-09-24 09:49:36 +0000  12919 bytes for ./Payload/cdmtragger.app/_CodeSignature/CodeResources
2018-09-24 09:49:36 +0000  copying file ./Payload/cdmtragger.app/cdmtragger ... 
2018-09-24 09:49:37 +0000  19360944 bytes for ./Payload/cdmtragger.app/cdmtragger
copying file ./Payload/cdmtragger.app/LaunchImage-1100-Portrait-2436h@3x.png ... 
2018-09-24 09:49:37 +0000  14552 bytes for ./Payload/cdmtragger.app/LaunchImage-1100-Portrait-2436h@3x.png
copying file ./Payload/cdmtragger.app/LaunchImage@2x.png ... 
3935 bytes for ./Payload/cdmtragger.app/LaunchImage@2x.png
copying file ./Payload/cdmtragger.app/LaunchScreen-iPhonePortrait.png ... 
120 bytes for ./Payload/cdmtragger.app/LaunchScreen-iPhonePortrait.png
copying file ./Payload/cdmtragger.app/LaunchScreen-iPhoneLandscape.png ... 
120 bytes for ./Payload/cdmtragger.app/LaunchScreen-iPhoneLandscape.png
copying file ./Payload/cdmtragger.app/LaunchScreen-iPad.nib ... 
1443 bytes for ./Payload/cdmtragger.app/LaunchScreen-iPad.nib
copying file ./Payload/cdmtragger.app/LaunchImage-568h@2x.png ... 
4617 bytes for ./Payload/cdmtragger.app/LaunchImage-568h@2x.png
copying file ./Payload/cdmtragger.app/LaunchScreen-iPhone.nib ... 
1453 bytes for ./Payload/cdmtragger.app/LaunchScreen-iPhone.nib
copying file ./Payload/cdmtragger.app/AppIcon60x60@2x.png ... 
2018-09-24 09:49:37 +0000  21832 bytes for ./Payload/cdmtragger.app/AppIcon60x60@2x.png
copying file ./Payload/cdmtragger.app/LaunchImage-1100-Landscape-2436h@3x.png ... 
2018-09-24 09:49:37 +0000  12707 bytes for ./Payload/cdmtragger.app/LaunchImage-1100-Landscape-2436h@3x.png
copying file ./Payload/cdmtragger.app/LaunchImage-800-667h@2x.png ... 
2018-09-24 09:49:37 +0000  5951 bytes for ./Payload/cdmtragger.app/LaunchImage-800-667h@2x.png
2018-09-24 09:49:37 +0000  copying file ./Payload/cdmtragger.app/LaunchImage-Portrait@2x~ipad.png ... 
2018-09-24 09:49:37 +0000  15517 bytes for ./Payload/cdmtragger.app/LaunchImage-Portrait@2x~ipad.png
copying file ./Payload/cdmtragger.app/LaunchImage-Portrait~ipad.png ... 
2018-09-24 09:49:37 +0000  4691 bytes for ./Payload/cdmtragger.app/LaunchImage-Portrait~ipad.png
2018-09-24 09:49:37 +0000  copying file ./Payload/cdmtragger.app/LaunchScreen-iPad.png ... 
120 bytes for ./Payload/cdmtragger.app/LaunchScreen-iPad.png
copying file ./Payload/cdmtragger.app/LaunchImage-Landscape~ipad.png ... 
2018-09-24 09:49:37 +0000  4433 bytes for ./Payload/cdmtragger.app/LaunchImage-Landscape~ipad.png
copying file ./Payload/cdmtragger.app/LaunchImage-700-Portrait~ipad.png ... 
2018-09-24 09:49:37 +0000  4691 bytes for ./Payload/cdmtragger.app/LaunchImage-700-Portrait~ipad.png
copying file ./Payload/cdmtragger.app/Assets.car ... 
2018-09-24 09:49:37 +0000  1154440 bytes for ./Payload/cdmtragger.app/Assets.car
copying file ./Payload/cdmtragger.app/AppIcon76x76@2x~ipad.png ... 
2018-09-24 09:49:37 +0000  32362 bytes for ./Payload/cdmtragger.app/AppIcon76x76@2x~ipad.png
copying file ./Payload/cdmtragger.app/LaunchImage-800-Portrait-736h@3x.png ... 
2018-09-24 09:49:37 +0000  14197 bytes for ./Payload/cdmtragger.app/LaunchImage-800-Portrait-736h@3x.png
copying file ./Payload/cdmtragger.app/LaunchImage-700@2x.png ... 
2018-09-24 09:49:37 +0000  3935 bytes for ./Payload/cdmtragger.app/LaunchImage-700@2x.png
copying file ./Payload/cdmtragger.app/LaunchImage-700-568h@2x.png ... 
2018-09-24 09:49:37 +0000  4617 bytes for ./Payload/cdmtragger.app/LaunchImage-700-568h@2x.png
copying file ./Payload/cdmtragger.app/LaunchImage-Landscape@2x~ipad.png ... 
2018-09-24 09:49:37 +0000  14945 bytes for ./Payload/cdmtragger.app/LaunchImage-Landscape@2x~ipad.png
copying file ./Payload/cdmtragger.app/LaunchImage-700-Landscape@2x~ipad.png ... 
2018-09-24 09:49:37 +0000  14945 bytes for ./Payload/cdmtragger.app/LaunchImage-700-Landscape@2x~ipad.png
copying file ./Payload/cdmtragger.app/LaunchImage.png ... 
2018-09-24 09:49:37 +0000  1427 bytes for ./Payload/cdmtragger.app/LaunchImage.png
copying file ./Payload/cdmtragger.app/embedded.mobileprovision ... 
2018-09-24 09:49:37 +0000  7773 bytes for ./Payload/cdmtragger.app/embedded.mobileprovision
2018-09-24 09:49:37 +0000  copying file ./Payload/cdmtragger.app/Data/Managed/Resources/mscorlib.dll-resources.dat ... 
2018-09-24 09:49:37 +0000  337563 bytes for ./Payload/cdmtragger.app/Data/Managed/Resources/mscorlib.dll-resources.dat
2018-09-24 09:49:37 +0000  copying file ./Payload/cdmtragger.app/Data/Managed/mono/2.0/machine.config ... 
2018-09-24 09:49:37 +0000  27625 bytes for ./Payload/cdmtragger.app/Data/Managed/mono/2.0/machine.config
2018-09-24 09:49:37 +0000  copying file ./Payload/cdmtragger.app/Data/Managed/mono/4.0/machine.config ... 
2018-09-24 09:49:37 +0000  33648 bytes for ./Payload/cdmtragger.app/Data/Managed/mono/4.0/machine.config
2018-09-24 09:49:37 +0000  copying file ./Payload/cdmtragger.app/Data/Managed/SymbolMap-64 ... 
2018-09-24 09:49:37 +0000  645832 bytes for ./Payload/cdmtragger.app/Data/Managed/SymbolMap-64
2018-09-24 09:49:37 +0000  copying file ./Payload/cdmtragger.app/Data/Managed/Metadata/global-metadata.dat ... 
2018-09-24 09:49:37 +0000  2557336 bytes for ./Payload/cdmtragger.app/Data/Managed/Metadata/global-metadata.dat
2018-09-24 09:49:37 +0000  copying file ./Payload/cdmtragger.app/Data/globalgamemanagers ... 
40540 bytes for ./Payload/cdmtragger.app/Data/globalgamemanagers
copying file ./Payload/cdmtragger.app/Data/boot.config ... 
27 bytes for ./Payload/cdmtragger.app/Data/boot.config
copying file ./Payload/cdmtragger.app/Data/UnityEngine.xml ... 
70 bytes for ./Payload/cdmtragger.app/Data/UnityEngine.xml
copying file ./Payload/cdmtragger.app/Data/resources.assets ... 
2018-09-24 09:49:37 +0000  20680 bytes for ./Payload/cdmtragger.app/Data/resources.assets
2018-09-24 09:49:37 +0000  copying file ./Payload/cdmtragger.app/Data/Resources/unity_builtin_extra ... 
2018-09-24 09:49:37 +0000  586968 bytes for ./Payload/cdmtragger.app/Data/Resources/unity_builtin_extra
2018-09-24 09:49:37 +0000  copying file ./Payload/cdmtragger.app/Data/unity default resources ... 
2018-09-24 09:49:37 +0000  6170724 bytes for ./Payload/cdmtragger.app/Data/unity default resources
copying file ./Payload/cdmtragger.app/Data/sharedassets0.assets.resS ... 
2018-09-24 09:49:39 +0000  89707772 bytes for ./Payload/cdmtragger.app/Data/sharedassets0.assets.resS
copying file ./Payload/cdmtragger.app/Data/sharedassets0.assets ... 
2018-09-24 09:49:40 +0000  35392716 bytes for ./Payload/cdmtragger.app/Data/sharedassets0.assets
copying file ./Payload/cdmtragger.app/Data/globalgamemanagers.assets.resS ... 
2018-09-24 09:49:40 +0000  524288 bytes for ./Payload/cdmtragger.app/Data/globalgamemanagers.assets.resS
copying file ./Payload/cdmtragger.app/Data/level0.resS ... 
2018-09-24 09:49:40 +0000  393212 bytes for ./Payload/cdmtragger.app/Data/level0.resS
copying file ./Payload/cdmtragger.app/Data/level0 ... 
2018-09-24 09:49:40 +0000  18276 bytes for ./Payload/cdmtragger.app/Data/level0
copying file ./Payload/cdmtragger.app/Data/globalgamemanagers.assets ... 
2018-09-24 09:49:40 +0000  73148 bytes for ./Payload/cdmtragger.app/Data/globalgamemanagers.assets
2018-09-24 09:49:40 +0000  copying file ./Payload/cdmtragger.app/LaunchImage-800-Landscape-736h@3x.png ... 
2018-09-24 09:49:40 +0000  12887 bytes for ./Payload/cdmtragger.app/LaunchImage-800-Landscape-736h@3x.png
copying file ./Payload/cdmtragger.app/LaunchImage-700-Portrait@2x~ipad.png ... 
2018-09-24 09:49:40 +0000  15517 bytes for ./Payload/cdmtragger.app/LaunchImage-700-Portrait@2x~ipad.png
copying file ./Payload/cdmtragger.app/LaunchImage-700-Landscape~ipad.png ... 
2018-09-24 09:49:40 +0000  4433 bytes for ./Payload/cdmtragger.app/LaunchImage-700-Landscape~ipad.png
copying file ./Payload/cdmtragger.app/Info.plist ... 
2018-09-24 09:49:40 +0000  2753 bytes for ./Payload/cdmtragger.app/Info.plist
copying file ./Payload/cdmtragger.app/PkgInfo ... 
2018-09-24 09:49:40 +0000  8 bytes for ./Payload/cdmtragger.app/PkgInfo
2018-09-24 09:49:40 +0000  
2018-09-24 09:49:40 +0000  
2018-09-24 09:49:40 +0000  /usr/bin/ditto exited with 0
2018-09-24 09:49:40 +0000  
2018-09-24 09:49:40 +0000  2018-09-24 09:49:40 +0000  Processing step: IDEDistributionCreateManifestStep

